<?xml version="1.0" encoding="UTF-8"?>
<!-- Generated by org.testng.reporters.JUnitReportReporter -->
<testsuite skipped="0" hostname="DESKTOP-MO0NRQE" name="org.task.Task" tests="1" failures="0" timestamp="03 Aug 2023 04:07:38 GMT" time="82.198" errors="0">
  <testcase name="carSelection" time="82.198" classname="org.task.Task"/>
</testsuite> <!-- org.task.Task -->
